2025-11-22 07:26:54 - ipykernel_launcher - DEBUG - Loaded libraries.
2025-11-22 07:26:54 - ipykernel_launcher - DEBUG - Starting EDA.
2025-11-22 07:26:54 - ipykernel_launcher - DEBUG - Loading dataset from ./data/regression_bonus_practice_data.csv.
2025-11-22 07:26:54 - ipykernel_launcher - DEBUG - Loaded dataset of 15,900 rows by 18 columns.
2025-11-22 07:26:54 - ipykernel_launcher - DEBUG - Columns with missing values: ['CCA', 'final_test', 'attendance_rate']
2025-11-22 07:26:54 - ipykernel_launcher - DEBUG - CCA                       :  3,829 missing (24.08%)
2025-11-22 07:26:54 - ipykernel_launcher - DEBUG - final_test                :    495 missing ( 3.11%)
2025-11-22 07:26:54 - ipykernel_launcher - DEBUG - attendance_rate           :    778 missing ( 4.89%)
2025-11-22 07:26:54 - ipykernel_launcher - INFO - There are no duplicates in the dataset.
2025-11-22 07:26:54 - ipykernel_launcher - INFO - Listing non-numerical columns statistics.
2025-11-22 07:26:54 - ipykernel_launcher - DEBUG - Starting the data cleaning phase.
2025-11-22 07:26:54 - ipykernel_launcher - DEBUG - Converting to uppercase all values in CCA column.
2025-11-22 07:26:54 - ipykernel_launcher - DEBUG - Filling all blank values in CCA to NONE.
2025-11-22 07:26:54 - ipykernel_launcher - DEBUG - Converted sleep_time and wake_time columns to datetime formats.
2025-11-22 07:26:54 - ipykernel_launcher - DEBUG - Created sleep_duration feature in minutes.
2025-11-22 07:26:54 - ipykernel_launcher - DEBUG - Standardized tuition column to 2 values.
2025-11-22 07:26:54 - ipykernel_launcher - DEBUG - Filled missing values in attendance_rate column witrh median.
2025-11-22 07:26:54 - ipykernel_launcher - DEBUG - There are no more missing values in the attendance_rate column.
2025-11-22 07:26:54 - ipykernel_launcher - DEBUG - Filling missing values in final_test column with median value 68.0.
2025-11-22 07:26:54 - ipykernel_launcher - DEBUG - Corrected erroneous values in the age column.
2025-11-22 07:26:54 - ipykernel_launcher - DEBUG - All missing values have been treated.
2025-11-22 07:26:54 - ipykernel_launcher - DEBUG - Saved a clean copy to data folder.
2025-11-22 07:28:01 - ipykernel_launcher - DEBUG - Dropped non-essential columns: ['index', 'student_id', 'sleep_time', 'wake_time', 'sleep_time_dt', 'wake_time_dt', 'sleep_duration']
2025-11-22 09:48:57 - ipykernel_launcher - DEBUG - Loaded libraries.
2025-11-22 09:48:57 - ipykernel_launcher - DEBUG - Starting EDA.
2025-11-22 09:48:57 - ipykernel_launcher - DEBUG - Loading dataset from ./data/regression_bonus_practice_data.csv.
2025-11-22 09:48:57 - ipykernel_launcher - DEBUG - Loaded dataset of 15,900 rows by 18 columns.
2025-11-22 09:48:57 - ipykernel_launcher - DEBUG - Columns with missing values: ['CCA', 'final_test', 'attendance_rate']
2025-11-22 09:48:57 - ipykernel_launcher - DEBUG - CCA                       :  3,829 missing (24.08%)
2025-11-22 09:48:57 - ipykernel_launcher - DEBUG - final_test                :    495 missing ( 3.11%)
2025-11-22 09:48:57 - ipykernel_launcher - DEBUG - attendance_rate           :    778 missing ( 4.89%)
2025-11-22 09:48:57 - ipykernel_launcher - INFO - There are no duplicates in the dataset.
2025-11-22 09:48:57 - ipykernel_launcher - INFO - Listing non-numerical columns statistics.
2025-11-22 09:48:57 - ipykernel_launcher - DEBUG - Starting the data cleaning phase.
2025-11-22 09:48:57 - ipykernel_launcher - DEBUG - Converting to uppercase all values in CCA column.
2025-11-22 09:48:57 - ipykernel_launcher - DEBUG - Filling all blank values in CCA to NONE.
2025-11-22 09:48:57 - ipykernel_launcher - DEBUG - Converted sleep_time and wake_time columns to datetime formats.
2025-11-22 09:48:57 - ipykernel_launcher - DEBUG - Created sleep_duration feature in minutes.
2025-11-22 09:48:57 - ipykernel_launcher - DEBUG - Standardized tuition column to 2 values.
2025-11-22 09:48:57 - ipykernel_launcher - DEBUG - Filled missing values in attendance_rate column witrh median.
2025-11-22 09:48:57 - ipykernel_launcher - DEBUG - There are no more missing values in the attendance_rate column.
2025-11-22 09:48:57 - ipykernel_launcher - DEBUG - Filling missing values in final_test column with median value 68.0.
2025-11-22 09:48:57 - ipykernel_launcher - DEBUG - Corrected erroneous values in the age column.
2025-11-22 09:48:57 - ipykernel_launcher - DEBUG - All missing values have been treated.
2025-11-22 09:48:57 - ipykernel_launcher - DEBUG - Saved a clean copy to data folder.
2025-11-22 09:48:57 - ipykernel_launcher - DEBUG - Dropped non-essential columns: ['index', 'student_id', 'sleep_time', 'wake_time', 'sleep_time_dt', 'wake_time_dt', 'sleep_duration']
2025-11-22 09:48:57 - ipykernel_launcher - DEBUG - Starting univariate analysis.
2025-11-22 09:48:59 - ipykernel_launcher - DEBUG - Starting Bivariate Analysis.
2025-11-22 09:48:59 - ipykernel_launcher - INFO - Performing Correlation Analysis.
2025-11-22 09:48:59 - ipykernel_launcher - INFO - Dropping sleep_minutes column as it highly correlates with attendance_rate column.
2025-11-22 09:48:59 - ipykernel_launcher - DEBUG - Performed Feature/Target separation.
2025-11-22 09:49:00 - ipykernel_launcher - DEBUG - Performed train/validation/test split.
2025-11-22 09:49:00 - ipykernel_launcher - DEBUG - Training set shape: (12720, 13) by (12720,)
2025-11-22 09:49:00 - ipykernel_launcher - DEBUG - Validation set shape: (12720, 13) by (1590,)
2025-11-22 09:49:00 - ipykernel_launcher - DEBUG - Test set shape: (1590, 13) by (1590,)
2025-11-22 09:49:00 - ipykernel_launcher - DEBUG - Building machine learning pipeline.
2025-11-22 09:49:00 - ipykernel_launcher - DEBUG - Preparing numerical_transformer, standardizing numerical features: ['n_male', 'n_female', 'hours_per_week', 'attendance_rate'].
2025-11-22 09:49:00 - ipykernel_launcher - DEBUG - Preparing nominal_transformer, performing one-hot encoding on nominal features: ['direct_admission', 'CCA', 'learning_style', 'tuition', 'gender', 'bag_color'].
2025-11-22 09:49:00 - ipykernel_launcher - DEBUG - Preparing passthrough feature: ['age'].
2025-11-22 09:49:00 - ipykernel_launcher - DEBUG - Preparing ColumnTransformer - preprocessor with the numerical, nominal and passthrough transformers.
2025-11-22 09:49:00 - ipykernel_launcher - DEBUG - Building a Linear Regression Model with the preprocessor ColumnTransformer object.
2025-11-22 09:49:01 - ipykernel_launcher - DEBUG - Fitting the training dataset to the Linear Regression model - lr_pipeline.
2025-11-22 09:49:02 - ipykernel_launcher - DEBUG - Predicting on the validation set - y_val_pred.
2025-11-22 09:49:02 - ipykernel_launcher - DEBUG - Implementing Multivariate Linear Regression.
2025-11-22 09:49:02 - ipykernel_launcher - DEBUG - Building a Linear Regression Model with the preprocessor ColumnTransformer object.
2025-11-22 09:49:02 - ipykernel_launcher - DEBUG - Fitting the training dataset to the Multivariate Linear Regression model - lr_pipeline.
2025-11-22 09:49:02 - ipykernel_launcher - DEBUG - Predicting on the validation set - y_val_pred.
2025-11-22 09:49:02 - ipykernel_launcher - DEBUG - Model metrics of Multivariate Linear Regression.
2025-11-22 09:49:02 - ipykernel_launcher - DEBUG - Validation MAE: 7.9567
2025-11-22 09:49:02 - ipykernel_launcher - DEBUG - Validation MSE: 100.7878
2025-11-22 09:49:02 - ipykernel_launcher - DEBUG - Validation RMSE: 10.0393
2025-11-22 09:49:02 - ipykernel_launcher - DEBUG - Validation R²: 0.4563
2025-11-22 09:49:02 - ipykernel_launcher - DEBUG - Initating Ridge Regression Model.
2025-11-22 09:49:02 - ipykernel_launcher - DEBUG - Building a Ridge Regression Model with the preprocessor ColumnTransformer object.
2025-11-22 09:49:03 - ipykernel_launcher - DEBUG - Fitting the training dataset to the Multivariate Linear Regression model - lr_pipeline.
2025-11-22 09:49:04 - ipykernel_launcher - DEBUG - Predicting on the validation set - y_val_pred_ridge.
2025-11-22 09:49:04 - ipykernel_launcher - DEBUG - Model metrics of Ridge Regression.
2025-11-22 09:49:04 - ipykernel_launcher - DEBUG - Validation MAE: 7.9567
2025-11-22 09:49:04 - ipykernel_launcher - DEBUG - Validation MAE: 7.9567
2025-11-22 09:49:04 - ipykernel_launcher - DEBUG - Validation MAE: 7.9567
2025-11-22 09:49:04 - ipykernel_launcher - DEBUG - Validation R²: 0.4563
2025-11-22 09:50:24 - ipykernel_launcher - DEBUG - Loaded libraries.
2025-11-22 09:50:24 - ipykernel_launcher - DEBUG - Starting EDA.
2025-11-22 09:50:24 - ipykernel_launcher - DEBUG - Loading dataset from ./data/regression_bonus_practice_data.csv.
2025-11-22 09:50:24 - ipykernel_launcher - DEBUG - Loaded dataset of 15,900 rows by 18 columns.
2025-11-22 09:50:24 - ipykernel_launcher - DEBUG - Columns with missing values: ['CCA', 'final_test', 'attendance_rate']
2025-11-22 09:50:24 - ipykernel_launcher - DEBUG - CCA                       :  3,829 missing (24.08%)
2025-11-22 09:50:24 - ipykernel_launcher - DEBUG - final_test                :    495 missing ( 3.11%)
2025-11-22 09:50:24 - ipykernel_launcher - DEBUG - attendance_rate           :    778 missing ( 4.89%)
2025-11-22 09:50:24 - ipykernel_launcher - INFO - There are no duplicates in the dataset.
2025-11-22 09:50:24 - ipykernel_launcher - INFO - Listing non-numerical columns statistics.
2025-11-22 09:50:24 - ipykernel_launcher - DEBUG - Starting the data cleaning phase.
2025-11-22 09:50:24 - ipykernel_launcher - DEBUG - Converting to uppercase all values in CCA column.
2025-11-22 09:50:24 - ipykernel_launcher - DEBUG - Filling all blank values in CCA to NONE.
2025-11-22 09:50:24 - ipykernel_launcher - DEBUG - Converted sleep_time and wake_time columns to datetime formats.
2025-11-22 09:50:24 - ipykernel_launcher - DEBUG - Created sleep_duration feature in minutes.
2025-11-22 09:50:24 - ipykernel_launcher - DEBUG - Standardized tuition column to 2 values.
2025-11-22 09:50:24 - ipykernel_launcher - DEBUG - Filled missing values in attendance_rate column witrh median.
2025-11-22 09:50:24 - ipykernel_launcher - DEBUG - There are no more missing values in the attendance_rate column.
2025-11-22 09:50:24 - ipykernel_launcher - DEBUG - Filling missing values in final_test column with median value 68.0.
2025-11-22 09:50:24 - ipykernel_launcher - DEBUG - Corrected erroneous values in the age column.
2025-11-22 09:50:24 - ipykernel_launcher - DEBUG - All missing values have been treated.
2025-11-22 09:50:25 - ipykernel_launcher - DEBUG - Saved a clean copy to data folder.
2025-11-22 09:50:25 - ipykernel_launcher - DEBUG - Dropped non-essential columns: ['index', 'student_id', 'sleep_time', 'wake_time', 'sleep_time_dt', 'wake_time_dt', 'sleep_duration']
2025-11-22 09:50:25 - ipykernel_launcher - DEBUG - Starting univariate analysis.
2025-11-22 09:50:26 - ipykernel_launcher - DEBUG - Starting Bivariate Analysis.
2025-11-22 09:50:26 - ipykernel_launcher - INFO - Performing Correlation Analysis.
2025-11-22 09:50:26 - ipykernel_launcher - INFO - Dropping sleep_minutes column as it highly correlates with attendance_rate column.
2025-11-22 09:50:26 - ipykernel_launcher - DEBUG - Performed Feature/Target separation.
2025-11-22 09:50:26 - ipykernel_launcher - DEBUG - Performed train/validation/test split.
2025-11-22 09:50:26 - ipykernel_launcher - DEBUG - Training set shape: (12720, 13) by (12720,)
2025-11-22 09:50:26 - ipykernel_launcher - DEBUG - Validation set shape: (12720, 13) by (1590,)
2025-11-22 09:50:26 - ipykernel_launcher - DEBUG - Test set shape: (1590, 13) by (1590,)
2025-11-22 09:50:26 - ipykernel_launcher - DEBUG - Building machine learning pipeline.
2025-11-22 09:50:26 - ipykernel_launcher - DEBUG - Preparing numerical_transformer, standardizing numerical features: ['n_male', 'n_female', 'hours_per_week', 'attendance_rate'].
2025-11-22 09:50:26 - ipykernel_launcher - DEBUG - Preparing nominal_transformer, performing one-hot encoding on nominal features: ['direct_admission', 'CCA', 'learning_style', 'tuition', 'gender', 'bag_color'].
2025-11-22 09:50:26 - ipykernel_launcher - DEBUG - Preparing passthrough feature: ['age'].
2025-11-22 09:50:26 - ipykernel_launcher - DEBUG - Preparing ColumnTransformer - preprocessor with the numerical, nominal and passthrough transformers.
2025-11-22 09:50:26 - ipykernel_launcher - DEBUG - Building a Linear Regression Model with the preprocessor ColumnTransformer object.
2025-11-22 09:50:27 - ipykernel_launcher - DEBUG - Fitting the training dataset to the Linear Regression model - lr_pipeline.
2025-11-22 09:50:27 - ipykernel_launcher - DEBUG - Predicting on the validation set - y_val_pred.
2025-11-22 09:50:27 - ipykernel_launcher - DEBUG - Implementing Multivariate Linear Regression.
2025-11-22 09:50:27 - ipykernel_launcher - DEBUG - Building a Linear Regression Model with the preprocessor ColumnTransformer object.
2025-11-22 09:50:27 - ipykernel_launcher - DEBUG - Fitting the training dataset to the Multivariate Linear Regression model - lr_pipeline.
2025-11-22 09:50:27 - ipykernel_launcher - DEBUG - Predicting on the validation set - y_val_pred.
2025-11-22 09:50:27 - ipykernel_launcher - DEBUG - Model metrics of Multivariate Linear Regression.
2025-11-22 09:50:27 - ipykernel_launcher - DEBUG - Validation MAE: 7.9567
2025-11-22 09:50:27 - ipykernel_launcher - DEBUG - Validation MSE: 100.7878
2025-11-22 09:50:27 - ipykernel_launcher - DEBUG - Validation RMSE: 10.0393
2025-11-22 09:50:27 - ipykernel_launcher - DEBUG - Validation R²: 0.4563
2025-11-22 09:50:27 - ipykernel_launcher - DEBUG - Initating Ridge Regression Model.
2025-11-22 09:50:27 - ipykernel_launcher - DEBUG - Building a Ridge Regression Model with the preprocessor ColumnTransformer object.
2025-11-22 09:50:27 - ipykernel_launcher - DEBUG - Fitting the training dataset to the Multivariate Linear Regression model - lr_pipeline.
2025-11-22 09:50:27 - ipykernel_launcher - DEBUG - Predicting on the validation set - y_val_pred_ridge.
2025-11-22 09:50:27 - ipykernel_launcher - DEBUG - Model metrics of Ridge Regression.
2025-11-22 09:50:27 - ipykernel_launcher - DEBUG - Validation MAE: 7.9567
2025-11-22 09:50:27 - ipykernel_launcher - DEBUG - Validation MAE: 100.7884
2025-11-22 09:50:27 - ipykernel_launcher - DEBUG - Validation MAE: 10.0393
2025-11-22 09:50:27 - ipykernel_launcher - DEBUG - Validation R²: 0.4563
2025-11-23 01:05:14 - ipykernel_launcher - DEBUG - Loaded libraries.
2025-11-23 01:05:14 - ipykernel_launcher - DEBUG - Starting EDA.
2025-11-23 01:05:14 - ipykernel_launcher - DEBUG - Loading dataset from ./data/regression_bonus_practice_data.csv.
2025-11-23 01:05:14 - ipykernel_launcher - DEBUG - Loaded dataset of 15,900 rows by 18 columns.
2025-11-23 01:05:14 - ipykernel_launcher - DEBUG - Columns with missing values: ['CCA', 'final_test', 'attendance_rate']
2025-11-23 01:05:14 - ipykernel_launcher - DEBUG - CCA                       :  3,829 missing (24.08%)
2025-11-23 01:05:14 - ipykernel_launcher - DEBUG - final_test                :    495 missing ( 3.11%)
2025-11-23 01:05:14 - ipykernel_launcher - DEBUG - attendance_rate           :    778 missing ( 4.89%)
2025-11-23 01:05:14 - ipykernel_launcher - INFO - There are no duplicates in the dataset.
2025-11-23 01:05:14 - ipykernel_launcher - INFO - Listing non-numerical columns statistics.
2025-11-23 01:05:14 - ipykernel_launcher - DEBUG - Starting the data cleaning phase.
2025-11-23 01:05:14 - ipykernel_launcher - DEBUG - Converting to uppercase all values in CCA column.
2025-11-23 01:05:14 - ipykernel_launcher - DEBUG - Filling all blank values in CCA to NONE.
2025-11-23 01:05:14 - ipykernel_launcher - DEBUG - Converted sleep_time and wake_time columns to datetime formats.
2025-11-23 01:05:14 - ipykernel_launcher - DEBUG - Created sleep_duration feature in minutes.
2025-11-23 01:05:14 - ipykernel_launcher - DEBUG - Standardized tuition column to 2 values.
2025-11-23 01:05:14 - ipykernel_launcher - DEBUG - Filled missing values in attendance_rate column witrh median.
2025-11-23 01:05:14 - ipykernel_launcher - DEBUG - There are no more missing values in the attendance_rate column.
2025-11-23 01:05:14 - ipykernel_launcher - DEBUG - Filling missing values in final_test column with median value 68.0.
2025-11-23 01:05:14 - ipykernel_launcher - DEBUG - Corrected erroneous values in the age column.
2025-11-23 01:05:14 - ipykernel_launcher - DEBUG - All missing values have been treated.
2025-11-23 01:05:15 - ipykernel_launcher - DEBUG - Saved a clean copy to data folder.
2025-11-23 01:05:15 - ipykernel_launcher - DEBUG - Dropped non-essential columns: ['index', 'student_id', 'sleep_time', 'wake_time', 'sleep_time_dt', 'wake_time_dt', 'sleep_duration']
2025-11-23 01:05:15 - ipykernel_launcher - DEBUG - Starting univariate analysis.
2025-11-23 01:05:15 - ipykernel_launcher - DEBUG - Starting Bivariate Analysis.
2025-11-23 01:05:16 - ipykernel_launcher - INFO - Performing Correlation Analysis.
2025-11-23 01:05:16 - ipykernel_launcher - INFO - Dropping sleep_minutes column as it highly correlates with attendance_rate column.
2025-11-23 01:05:16 - ipykernel_launcher - DEBUG - Performed Feature/Target separation.
2025-11-23 01:05:16 - ipykernel_launcher - DEBUG - Performed train/validation/test split.
2025-11-23 01:05:16 - ipykernel_launcher - DEBUG - Training set shape: (12720, 13) by (12720,)
2025-11-23 01:05:16 - ipykernel_launcher - DEBUG - Validation set shape: (12720, 13) by (1590,)
2025-11-23 01:05:16 - ipykernel_launcher - DEBUG - Test set shape: (1590, 13) by (1590,)
2025-11-23 01:05:16 - ipykernel_launcher - DEBUG - Building machine learning pipeline.
2025-11-23 01:05:16 - ipykernel_launcher - DEBUG - Preparing numerical_transformer, standardizing numerical features: ['n_male', 'n_female', 'hours_per_week', 'attendance_rate'].
2025-11-23 01:05:16 - ipykernel_launcher - DEBUG - Preparing nominal_transformer, performing one-hot encoding on nominal features: ['direct_admission', 'CCA', 'learning_style', 'tuition', 'gender', 'bag_color'].
2025-11-23 01:05:16 - ipykernel_launcher - DEBUG - Preparing passthrough feature: ['age'].
2025-11-23 01:05:16 - ipykernel_launcher - DEBUG - Preparing ColumnTransformer - preprocessor with the numerical, nominal and passthrough transformers.
2025-11-23 01:05:16 - ipykernel_launcher - DEBUG - Building a Linear Regression Model with the preprocessor ColumnTransformer object.
2025-11-23 01:05:17 - ipykernel_launcher - DEBUG - Fitting the training dataset to the Linear Regression model - lr_pipeline.
2025-11-23 01:05:18 - ipykernel_launcher - DEBUG - Predicting on the validation set - y_val_pred.
2025-11-23 01:05:18 - ipykernel_launcher - DEBUG - Implementing Multivariate Linear Regression.
2025-11-23 01:05:18 - ipykernel_launcher - DEBUG - Building a Linear Regression Model with the preprocessor ColumnTransformer object.
2025-11-23 01:05:19 - ipykernel_launcher - DEBUG - Fitting the training dataset to the Multivariate Linear Regression model - lr_pipeline.
2025-11-23 01:05:20 - ipykernel_launcher - DEBUG - Predicting on the validation set - y_val_pred.
2025-11-23 01:05:20 - ipykernel_launcher - DEBUG - Model metrics of Multivariate Linear Regression.
2025-11-23 01:05:20 - ipykernel_launcher - DEBUG - Validation MAE: 7.9567
2025-11-23 01:05:20 - ipykernel_launcher - DEBUG - Validation MSE: 100.7878
2025-11-23 01:05:20 - ipykernel_launcher - DEBUG - Validation RMSE: 10.0393
2025-11-23 01:05:20 - ipykernel_launcher - DEBUG - Validation R²: 0.4563
2025-11-23 01:05:20 - ipykernel_launcher - DEBUG - Initating Ridge Regression Model.
2025-11-23 01:05:20 - ipykernel_launcher - DEBUG - Building a Ridge Regression Model with the preprocessor ColumnTransformer object.
2025-11-23 01:05:20 - ipykernel_launcher - DEBUG - Fitting the training dataset to the Multivariate Linear Regression model - lr_pipeline.
2025-11-23 01:05:20 - ipykernel_launcher - DEBUG - Predicting on the validation set - y_val_pred_ridge.
2025-11-23 01:05:20 - ipykernel_launcher - DEBUG - Model metrics of Ridge Regression.
2025-11-23 01:05:20 - ipykernel_launcher - DEBUG - Validation MAE: 7.9567
2025-11-23 01:05:20 - ipykernel_launcher - DEBUG - Validation MSE: 100.7884
2025-11-23 01:05:20 - ipykernel_launcher - DEBUG - Validation RMSE: 10.0393
2025-11-23 01:05:20 - ipykernel_launcher - DEBUG - Validation R²: 0.4563
